# JRE version: OpenJDK Runtime Environment Microsoft-8035246 (17.0.8+7) (build 17.0.8+7-LTS)
# Java VM: OpenJDK 64-Bit Server VM Microsoft-8035246 (17.0.8+7-LTS, mixed mode, sharing, tiered, compressed oops, compressed class ptrs, g1 gc, windows-amd64)
GC Precious Log:
 CPUs: 4 total, 4 available
 Memory: 8057M
 Large Page Support: Disabled
 NUMA Support: Disabled
 Compressed Oops: Enabled (32-bit)
 Heap Region Size: 1M
 Heap Min Capacity: 8M
 Heap Initial Capacity: 126M
 Heap Max Capacity: 2G
 Pre-touch: Disabled
 Parallel Workers: 4
 Concurrent Workers: 1
 Concurrent Refinement Workers: 4
 Periodic GC: Disabled
Heap:
 garbage-first heap   total 295936K, used 214470K [0x0000000080000000, 0x0000000100000000)
  region size 1024K, 61 young (62464K), 3 survivors (3072K)
 Metaspace       used 99719K, committed 100736K, reserved 557056K
  class space    used 13896K, committed 14400K, reserved 425984K
GC Heap History (20 events):
Event: 49.854 GC heap before
{Heap before GC invocations=48 (full 0):
 garbage-first heap   total 229376K, used 170419K [0x0000000080000000, 0x0000000100000000)
  region size 1024K, 80 young (81920K), 4 survivors (4096K)
 Metaspace       used 82498K, committed 83264K, reserved 557056K
  class space    used 11651K, committed 12032K, reserved 425984K
}
Event: 49.864 GC heap after
{Heap after GC invocations=49 (full 0):
 garbage-first heap   total 229376K, used 94128K [0x0000000080000000, 0x0000000100000000)
  region size 1024K, 6 young (6144K), 6 survivors (6144K)
 Metaspace       used 82498K, committed 83264K, reserved 557056K
  class space    used 11651K, committed 12032K, reserved 425984K
}
Event: 49.958 GC heap before
{Heap before GC invocations=49 (full 0):
 garbage-first heap   total 229376K, used 98224K [0x0000000080000000, 0x0000000100000000)
  region size 1024K, 11 young (11264K), 6 survivors (6144K)
 Metaspace       used 82857K, committed 83648K, reserved 557056K
  class space    used 11719K, committed 12096K, reserved 425984K
}
Event: 49.967 GC heap after
{Heap after GC invocations=50 (full 0):
 garbage-first heap   total 229376K, used 94432K [0x0000000080000000, 0x0000000100000000)
  region size 1024K, 1 young (1024K), 1 survivors (1024K)
 Metaspace       used 82857K, committed 83648K, reserved 557056K
  class space    used 11719K, committed 12096K, reserved 425984K
}
Event: 51.696 GC heap before
{Heap before GC invocations=50 (full 0):
 garbage-first heap   total 229376K, used 176352K [0x0000000080000000, 0x0000000100000000)
  region size 1024K, 81 young (82944K), 1 survivors (1024K)
 Metaspace       used 87197K, committed 88000K, reserved 557056K
  class space    used 12376K, committed 12736K, reserved 425984K
}
Event: 51.710 GC heap after
{Heap after GC invocations=51 (full 0):
 garbage-first heap   total 229376K, used 100857K [0x0000000080000000, 0x0000000100000000)
  region size 1024K, 8 young (8192K), 8 survivors (8192K)
 Metaspace       used 87197K, committed 88000K, reserved 557056K
  class space    used 12376K, committed 12736K, reserved 425984K
}
Event: 54.933 GC heap before
{Heap before GC invocations=51 (full 0):
 garbage-first heap   total 229376K, used 187897K [0x0000000080000000, 0x0000000100000000)
  region size 1024K, 83 young (84992K), 8 survivors (8192K)
 Metaspace       used 89548K, committed 90432K, reserved 557056K
  class space    used 12590K, committed 12992K, reserved 425984K
}
Event: 54.957 GC heap after
{Heap after GC invocations=52 (full 0):
 garbage-first heap   total 229376K, used 130223K [0x0000000080000000, 0x0000000100000000)
  region size 1024K, 11 young (11264K), 11 survivors (11264K)
 Metaspace       used 89548K, committed 90432K, reserved 557056K
  class space    used 12590K, committed 12992K, reserved 425984K
}
Event: 56.202 GC heap before
{Heap before GC invocations=52 (full 0):
 garbage-first heap   total 229376K, used 178351K [0x0000000080000000, 0x0000000100000000)
  region size 1024K, 59 young (60416K), 11 survivors (11264K)
 Metaspace       used 91186K, committed 92096K, reserved 557056K
  class space    used 12792K, committed 13184K, reserved 425984K
}
Event: 56.224 GC heap after
{Heap after GC invocations=53 (full 0):
 garbage-first heap   total 229376K, used 137035K [0x0000000080000000, 0x0000000100000000)
  region size 1024K, 7 young (7168K), 7 survivors (7168K)
 Metaspace       used 91186K, committed 92096K, reserved 557056K
  class space    used 12792K, committed 13184K, reserved 425984K
}
Event: 57.742 GC heap before
{Heap before GC invocations=53 (full 0):
 garbage-first heap   total 229376K, used 182091K [0x0000000080000000, 0x0000000100000000)
  region size 1024K, 51 young (52224K), 7 survivors (7168K)
 Metaspace       used 94973K, committed 96000K, reserved 557056K
  class space    used 13349K, committed 13824K, reserved 425984K
}
Event: 57.761 GC heap after
{Heap after GC invocations=54 (full 0):
 garbage-first heap   total 229376K, used 139425K [0x0000000080000000, 0x0000000100000000)
  region size 1024K, 3 young (3072K), 3 survivors (3072K)
 Metaspace       used 94973K, committed 96000K, reserved 557056K
  class space    used 13349K, committed 13824K, reserved 425984K
}
Event: 59.258 GC heap before
{Heap before GC invocations=54 (full 0):
 garbage-first heap   total 229376K, used 185505K [0x0000000080000000, 0x0000000100000000)
  region size 1024K, 48 young (49152K), 3 survivors (3072K)
 Metaspace       used 97070K, committed 98112K, reserved 557056K
  class space    used 13612K, committed 14144K, reserved 425984K
}
Event: 59.282 GC heap after
{Heap after GC invocations=55 (full 0):
 garbage-first heap   total 229376K, used 144339K [0x0000000080000000, 0x0000000100000000)
  region size 1024K, 6 young (6144K), 6 survivors (6144K)
 Metaspace       used 97070K, committed 98112K, reserved 557056K
  class space    used 13612K, committed 14144K, reserved 425984K
}
Event: 60.293 GC heap before
{Heap before GC invocations=55 (full 0):
 garbage-first heap   total 229376K, used 188371K [0x0000000080000000, 0x0000000100000000)
  region size 1024K, 49 young (50176K), 6 survivors (6144K)
 Metaspace       used 97905K, committed 98944K, reserved 557056K
  class space    used 13703K, committed 14208K, reserved 425984K
}
Event: 60.311 GC heap after
{Heap after GC invocations=56 (full 0):
 garbage-first heap   total 229376K, used 149265K [0x0000000080000000, 0x0000000100000000)
  region size 1024K, 5 young (5120K), 5 survivors (5120K)
 Metaspace       used 97905K, committed 98944K, reserved 557056K
  class space    used 13703K, committed 14208K, reserved 425984K
}
Event: 61.616 GC heap before
{Heap before GC invocations=56 (full 0):
 garbage-first heap   total 229376K, used 190225K [0x0000000080000000, 0x0000000100000000)
  region size 1024K, 45 young (46080K), 5 survivors (5120K)
 Metaspace       used 98493K, committed 99520K, reserved 557056K
  class space    used 13763K, committed 14272K, reserved 425984K
}
Event: 61.653 GC heap after
{Heap after GC invocations=57 (full 0):
 garbage-first heap   total 229376K, used 154050K [0x0000000080000000, 0x0000000100000000)
  region size 1024K, 5 young (5120K), 5 survivors (5120K)
 Metaspace       used 98493K, committed 99520K, reserved 557056K
  class space    used 13763K, committed 14272K, reserved 425984K
}
Event: 63.107 GC heap before
{Heap before GC invocations=57 (full 0):
 garbage-first heap   total 229376K, used 191938K [0x0000000080000000, 0x0000000100000000)
  region size 1024K, 42 young (43008K), 5 survivors (5120K)
 Metaspace       used 99154K, committed 100224K, reserved 557056K
  class space    used 13848K, committed 14400K, reserved 425984K
}
Event: 63.121 GC heap after
{Heap after GC invocations=58 (full 0):
 garbage-first heap   total 295936K, used 156102K [0x0000000080000000, 0x0000000100000000)
  region size 1024K, 3 young (3072K), 3 survivors (3072K)
 Metaspace       used 99154K, committed 100224K, reserved 557056K
  class space    used 13848K, committed 14400K, reserved 425984K
}

